app/build/outputs/mapping/release/seeds.txt
com.akshay.gbuattendance.AboutUsActivity
com.akshay.gbuattendance.AboutUsActivity: AboutUsActivity()
com.akshay.gbuattendance.ChooseAvatarActivity
com.akshay.gbuattendance.ChooseAvatarActivity: ChooseAvatarActivity()
com.akshay.gbuattendance.ChooseAvatarActivity: void onClickMale(android.view.View)
com.akshay.gbuattendance.ChooseAvatarActivity: void onClickFemale(android.view.View)
com.akshay.gbuattendance.DetailedAnalysisActivity
com.akshay.gbuattendance.DetailedAnalysisActivity: DetailedAnalysisActivity()
com.akshay.gbuattendance.ExtraClassActivity
com.akshay.gbuattendance.ExtraClassActivity: ExtraClassActivity()
com.akshay.gbuattendance.FeedbackActivity
com.akshay.gbuattendance.FeedbackActivity: FeedbackActivity()
com.akshay.gbuattendance.GoToDateActivity
com.akshay.gbuattendance.GoToDateActivity: GoToDateActivity()
com.akshay.gbuattendance.GoToDateActivity: void attendAll(android.view.View)
com.akshay.gbuattendance.GoToDateActivity: void bunkedAll(android.view.View)
com.akshay.gbuattendance.GoToDateActivity: void noClassAll(android.view.View)
com.akshay.gbuattendance.GoToDateOldActivity
com.akshay.gbuattendance.GoToDateOldActivity: GoToDateOldActivity()
com.akshay.gbuattendance.HelpActivity
com.akshay.gbuattendance.HelpActivity: HelpActivity()
com.akshay.gbuattendance.MainActivity
com.akshay.gbuattendance.MainActivity: MainActivity()
com.akshay.gbuattendance.MainActivity: void attendAll(android.view.View)
com.akshay.gbuattendance.MainActivity: void bunkedAll(android.view.View)
com.akshay.gbuattendance.MainActivity: void noClassAll(android.view.View)
com.akshay.gbuattendance.MyFirebaseInstanceIDService
com.akshay.gbuattendance.MyFirebaseInstanceIDService: MyFirebaseInstanceIDService()
com.akshay.gbuattendance.MyFirebaseMessagingService
com.akshay.gbuattendance.MyFirebaseMessagingService: MyFirebaseMessagingService()
com.akshay.gbuattendance.NameAndCriteriaActivity
com.akshay.gbuattendance.NameAndCriteriaActivity: NameAndCriteriaActivity()
com.akshay.gbuattendance.OverallAttendanceActivity
com.akshay.gbuattendance.OverallAttendanceActivity: OverallAttendanceActivity()
com.akshay.gbuattendance.PredictorActivity
com.akshay.gbuattendance.PredictorActivity: PredictorActivity()
com.akshay.gbuattendance.PredictorActivity: void showHelp()
com.akshay.gbuattendance.PrevAttActivity
com.akshay.gbuattendance.PrevAttActivity: PrevAttActivity()
com.akshay.gbuattendance.R$anim: int abc_fade_in
com.akshay.gbuattendance.R$anim: int abc_fade_out
com.akshay.gbuattendance.R$anim: int abc_grow_fade_in_from_bottom
com.akshay.gbuattendance.R$anim: int abc_popup_enter
com.akshay.gbuattendance.R$anim: int abc_popup_exit
com.akshay.gbuattendance.R$anim: int abc_shrink_fade_out_from_bottom
com.akshay.gbuattendance.R$anim: int abc_slide_in_bottom
com.akshay.gbuattendance.R$anim: int abc_slide_in_top
com.akshay.gbuattendance.R$anim: int abc_slide_out_bottom
com.akshay.gbuattendance.R$anim: int abc_slide_out_top
com.akshay.gbuattendance.R$anim: int bottom_to_up
com.akshay.gbuattendance.R$anim: int design_fab_in
com.akshay.gbuattendance.R$anim: int design_fab_out
com.akshay.gbuattendance.R$anim: int design_snackbar_in
com.akshay.gbuattendance.R$anim: int design_snackbar_out
com.akshay.gbuattendance.R$anim: int expand_in
com.akshay.gbuattendance.R$array: int tabs
com.akshay.gbuattendance.R$array: int viewpager_desc
com.akshay.gbuattendance.R$array: int viewpager_title
...
com.rey.material.R$color: int abc_background_cache_hint_selector_material_dark
com.rey.material.R$color: int abc_background_cache_hint_selector_material_light
com.rey.material.R$color: int abc_color_highlight_material
com.rey.material.R$color: int abc_input_method_navigation_guard
com.rey.material.R$color: int abc_primary_text_disable_only_material_dark
com.rey.material.R$color: int abc_primary_text_disable_only_material_light
com.rey.material.R$color: int abc_primary_text_material_dark
com.rey.material.R$color: int abc_primary_text_material_light
com.rey.material.R$color: int abc_search_url_text
com.rey.material.R$color: int abc_search_url_text_normal
com.rey.material.R$color: int abc_search_url_text_pressed
com.rey.material.R$color: int abc_search_url_text_selected
com.rey.material.R$color: int abc_secondary_text_material_dark
com.rey.material.R$color: int abc_secondary_text_material_light
com.rey.material.R$color: int accent_material_dark
com.rey.material.R$color: int accent_material_light
com.rey.material.R$color: int background_floating_material_dark
com.rey.material.R$color: int background_floating_material_light
com.rey.material.R$color: int background_material_dark
com.rey.material.R$color: int background_material_light
com.rey.material.R$color: int bright_foreground_disabled_material_dark
com.rey.material.R$color: int bright_foreground_disabled_material_light
com.rey.material.R$color: int bright_foreground_inverse_material_dark
com.rey.material.R$dimen: int abc_action_bar_content_inset_material
com.rey.material.R$dimen: int abc_action_bar_default_height_material
com.rey.material.R$dimen: int abc_action_bar_default_padding_end_material
com.rey.material.R$dimen: int abc_action_bar_default_padding_start_material
com.rey.material.R$dimen: int abc_action_bar_icon_vertical_padding_material
com.rey.material.R$dimen: int abc_action_bar_overflow_padding_end_material
com.rey.material.R$dimen: int abc_action_bar_overflow_padding_start_material
com.rey.material.R$dimen: int abc_action_bar_progress_bar_size
com.rey.material.R$dimen: int abc_action_bar_stacked_max_height
com.rey.material.R$dimen: int abc_action_bar_stacked_tab_max_width
com.rey.material.R$dimen: int abc_action_bar_subtitle_bottom_margin_material
com.rey.material.R$dimen: int abc_action_bar_subtitle_top_margin_material
com.rey.material.R$dimen: int abc_action_button_min_height_material
com.rey.material.R$dimen: int abc_action_button_min_width_material
com.rey.material.R$dimen: int abc_action_button_min_width_overflow_material
com.rey.material.R$dimen: int abc_alert_dialog_button_bar_height
com.rey.material.R$dimen: int abc_button_inset_horizontal_material
com.rey.material.R$dimen: int abc_button_inset_vertical_material
com.rey.material.R$dimen: int abc_button_padding_horizontal_material
com.rey.material.R$dimen: int abc_button_padding_vertical_material
com.rey.material.R$dimen: int abc_config_prefDialogWidth