app/build/outputs/mapping/release/mapping.txt
com.akshay.gbuattendance.AboutUsActivity -> com.akshay.gbuattendance.AboutUsActivity:
    android.widget.TextView appName -> m
    android.widget.TextView appVer -> n
    android.widget.TextView appCompany -> o
    android.widget.Button rateUs -> p
    void <init>() -> <init>
    void onCreate(android.os.Bundle) -> onCreate
com.akshay.gbuattendance.AboutUsActivity$1 -> com.akshay.gbuattendance.AboutUsActivity$1:
    com.akshay.gbuattendance.AboutUsActivity this$0 -> a
    void <init>(com.akshay.gbuattendance.AboutUsActivity) -> <init>
    void onClick(android.view.View) -> onClick
com.akshay.gbuattendance.Adapters.CustomSpinnerAdapter -> com.akshay.gbuattendance.a.a:
    android.content.Context context1 -> a
    java.util.ArrayList data -> b
    android.view.LayoutInflater inflater -> c
    void <init>(android.content.Context,java.util.ArrayList) -> <init>
    android.view.View getDropDownView(int,android.view.View,android.view.ViewGroup) -> getDropDownView
    android.view.View getView(int,android.view.View,android.view.ViewGroup) -> getView
    android.view.View getCustomView(int,android.view.View,android.view.ViewGroup) -> a
com.akshay.gbuattendance.Adapters.HelpAdapter -> com.akshay.gbuattendance.a.b:
    android.content.Context context -> a
    java.util.ArrayList topicList -> b
    java.util.ArrayList descriptionList -> c
    android.view.LayoutInflater inflater -> d
    void <init>(android.content.Context,java.util.ArrayList,java.util.ArrayList) -> <init>
    android.support.v7.widget.RecyclerView$ViewHolder onCreateViewHolder(android.view.ViewGroup,int) -> a
    void onBindViewHolder(android.support.v7.widget.RecyclerView$ViewHolder,int) -> a
    int getItemCount() -> a
com.akshay.gbuattendance.Adapters.HelpAdapter$HelperViewHolder -> com.akshay.gbuattendance.a.b$a:
    android.widget.TextView topic -> l
    android.widget.TextView description -> m
    void <init>(android.view.View) -> <init>
com.akshay.gbuattendance.Adapters.MainPageAdapter -> com.akshay.gbuattendance.a.c:
    android.content.Context context -> c
    java.util.ArrayList arrayList -> d
    java.util.ArrayList attendanceObject -> e
    android.view.LayoutInflater inflater -> f
    com.akshay.gbuattendance.Utils.AttendanceDatabase database -> g
    com.akshay.gbuattendance.Objects.AttendanceList attendanceList -> h
    java.lang.String myDate -> i
    com.akshay.gbuattendance.Objects.TimeTableList list -> j
    java.lang.String activityName -> k
    int attendance_criteria -> l
    int markerValue -> m
    com.daimajia.swipe.implments.SwipeItemRecyclerMangerImpl mItemManger -> a
    void <init>(android.content.Context,java.util.ArrayList,java.lang.String,java.lang.String) -> <init>
    com.akshay.gbuattendance.Adapters.MainPageAdapter$AttendanceViewHolder onCreateViewHolder(android.view.ViewGroup,int) -> c
    void onBindViewHolder(com.akshay.gbuattendance.Adapters.MainPageAdapter$AttendanceViewHolder,int) -> a
    int freeBunks(int,int,float) -> a
    void classesNeeded(int,int,float,com.akshay.gbuattendance.Adapters.MainPageAdapter$AttendanceViewHolder) -> a
    void showSnackBar(java.lang.String) -> a
    void resetAttendance(int,com.akshay.gbuattendance.Adapters.MainPageAdapter$AttendanceViewHolder,int) -> a
    void addAttendance(int,int,java.lang.String) -> a
    int getItemCount() -> a
    int getSwipeLayoutResourceId(int) -> d
com.akshay.gbuattendance.Adapters.MainPageAdapter$1 -> com.akshay.gbuattendance.a.c$1:
    int val$position -> a
    int val$id -> b
    com.akshay.gbuattendance.Adapters.MainPageAdapter this$0 -> c
    void <init>(com.akshay.gbuattendance.Adapters.MainPageAdapter,int,int) -> <init>
    void onClick(android.view.View) -> onClick
...
android.support.v7.widget.Toolbar$ExpandedActionViewMenuPresenter -> android.support.v7.widget.Toolbar$a:
    android.support.v7.view.menu.MenuBuilder mMenu -> a
    android.support.v7.view.menu.MenuItemImpl mCurrentExpandedItem -> b
    android.support.v7.widget.Toolbar this$0 -> c
    void <init>(android.support.v7.widget.Toolbar) -> <init>
    void initForMenu(android.content.Context,android.support.v7.view.menu.MenuBuilder) -> a
    void updateMenuView(boolean) -> b
    boolean onSubMenuSelected(android.support.v7.view.menu.SubMenuBuilder) -> a
    void onCloseMenu(android.support.v7.view.menu.MenuBuilder,boolean) -> a
    boolean flagActionItems() -> b
    boolean expandItemActionView(android.support.v7.view.menu.MenuBuilder,android.support.v7.view.menu.MenuItemImpl) -> a
    boolean collapseItemActionView(android.support.v7.view.menu.MenuBuilder,android.support.v7.view.menu.MenuItemImpl) -> b
    void <init>(android.support.v7.widget.Toolbar,android.support.v7.widget.Toolbar$1) -> <init>
android.support.v7.widget.Toolbar$LayoutParams -> android.support.v7.widget.Toolbar$b:
    int mViewType -> b
    void <init>(android.content.Context,android.util.AttributeSet) -> <init>
    void <init>(int,int) -> <init>
    void <init>(android.support.v7.widget.Toolbar$LayoutParams) -> <init>
    void <init>(android.support.v7.app.ActionBar$LayoutParams) -> <init>
    void <init>(android.view.ViewGroup$MarginLayoutParams) -> <init>
    void <init>(android.view.ViewGroup$LayoutParams) -> <init>
    void copyMarginsFromCompat(android.view.ViewGroup$MarginLayoutParams) -> a
android.support.v7.widget.Toolbar$OnMenuItemClickListener -> android.support.v7.widget.Toolbar$c:
    boolean onMenuItemClick(android.view.MenuItem) -> a
android.support.v7.widget.Toolbar$SavedState -> android.support.v7.widget.Toolbar$d:
    int expandedMenuItemId -> a
    boolean isOverflowOpen -> b
    android.os.Parcelable$Creator CREATOR -> CREATOR
    void <init>(android.os.Parcel) -> <init>
    void <init>(android.os.Parcelable) -> <init>
    void writeToParcel(android.os.Parcel,int) -> writeToParcel
    void <clinit>() -> <clinit>
android.support.v7.widget.Toolbar$SavedState$1 -> android.support.v7.widget.Toolbar$d$1:
    void <init>() -> <init>
    android.support.v7.widget.Toolbar$SavedState createFromParcel(android.os.Parcel) -> a
    android.support.v7.widget.Toolbar$SavedState[] newArray(int) -> a
    java.lang.Object[] newArray(int) -> newArray
    java.lang.Object createFromParcel(android.os.Parcel) -> createFromParcel
android.support.v7.widget.ToolbarWidgetWrapper -> android.support.v7.widget.bg:
    android.support.v7.widget.Toolbar mToolbar -> a
    int mDisplayOpts -> b
    android.view.View mTabView -> c
    android.view.View mCustomView -> d
    android.graphics.drawable.Drawable mIcon -> e
    android.graphics.drawable.Drawable mLogo -> f
    android.graphics.drawable.Drawable mNavIcon -> g
    boolean mTitleSet -> h
    java.lang.CharSequence mTitle -> i
    java.lang.CharSequence mSubtitle -> j
    java.lang.CharSequence mHomeDescription -> k
    android.view.Window$Callback mWindowCallback -> l
    boolean mMenuPrepared -> m
    android.support.v7.widget.ActionMenuPresenter mActionMenuPresenter -> n
    int mNavigationMode -> o
    android.support.v7.widget.TintManager mTintManager -> p
    int mDefaultNavigationContentDescription -> q
    android.graphics.drawable.Drawable mDefaultNavigationIcon -> r
    void <init>(android.support.v7.widget.Toolbar,boolean) -> <init>
    void <init>(android.support.v7.widget.Toolbar,boolean,int,int) -> <init>
    void setDefaultNavigationContentDescription(int) -> d
    void setDefaultNavigationIcon(android.graphics.drawable.Drawable) -> b
    int detectDisplayOptions() -> r
    android.view.ViewGroup getViewGroup() -> a
    android.content.Context getContext() -> b
    boolean hasExpandedActionView() -> c
    void collapseActionView() -> d
    void setWindowCallback(android.view.Window$Callback) -> a