app/build/outputs/mapping/release/usage.txt
com.akshay.gbuattendance.Adapters.CustomSpinnerAdapter:
    public android.content.res.Resources res
com.akshay.gbuattendance.Adapters.PredictorAdapter:
    int percentagePredicted
com.akshay.gbuattendance.BuildConfig
com.akshay.gbuattendance.Manifest
com.akshay.gbuattendance.Manifest$permission
com.akshay.gbuattendance.MyFirebaseInstanceIDService:
    private static final java.lang.String TAG
    19:19:private void sendRegistrationToServer(java.lang.String)
com.akshay.gbuattendance.MyFirebaseMessagingService:
    private static final java.lang.String TAG
com.akshay.gbuattendance.Objects.AttendanceList:
    public int dayCode
    public int total
    public int present
    17:17:public int getTotal()
    21:22:public void setTotal(int)
    25:25:public int getPresent()
    29:30:public void setPresent(int)
    34:34:public int getDayCode()
    38:39:public void setDayCode(int)
com.akshay.gbuattendance.Objects.SubjectsList:
    11:14:public SubjectsList(int,java.lang.String)
com.akshay.gbuattendance.Objects.TimeTableList:
    22:22:public void TimeTableList()
    25:29:public void TimeTableList(int,int,int,java.lang.String)
com.akshay.gbuattendance.R:
    10:10:public R()
com.akshay.gbuattendance.R$anim
com.akshay.gbuattendance.R$array
com.akshay.gbuattendance.R$attr
com.akshay.gbuattendance.R$bool
com.akshay.gbuattendance.R$color
com.akshay.gbuattendance.R$dimen
com.akshay.gbuattendance.R$drawable
com.akshay.gbuattendance.R$id
com.akshay.gbuattendance.R$integer
com.akshay.gbuattendance.R$layout
com.akshay.gbuattendance.R$menu
com.akshay.gbuattendance.R$mipmap
com.akshay.gbuattendance.R$string
com.akshay.gbuattendance.R$style
com.akshay.gbuattendance.R$styleable:
    5967:5967:public R$styleable()
com.akshay.gbuattendance.R$xml
com.akshay.gbuattendance.Utils.AttendanceDatabase:
    public static final int Database_Version
    public static final java.lang.String Database_Name
    public static final java.lang.String Subject_Id
    public static final java.lang.String Action
    public static final java.lang.String ATTENDANCE_TRACKER
    public static final java.lang.String DATE
    public static final java.lang.String POSITION
    202:212:public boolean checkEmpty()
com.akshay.gbuattendance.Utils.Helper:
    public static final java.lang.String FILENAME
    public static final java.lang.String ATTENDANCE_CRITERIA
    public static final java.lang.String USER_NAME
    public static final java.lang.String USER_IMAGE_ID
    public static final java.lang.String COMPLETED
    public static final java.lang.String NEEDBREAK
    public static final java.lang.String INITIAL_SETUP
    public static final java.lang.String FIRST_TIME
    public static final java.lang.String PACKAGENAME
    public static final java.lang.String OXYGEN_BOLD
    public static final java.lang.String OXYGEN_REGULAR
    public static final java.lang.String JOSEFIN_SANS_REGULAR
    public static final java.lang.String JOSEFIN_SANS_BOLD
    19:19:public Helper()
com.akshay.gbuattendance.Utils.ProgressPageIndicator:
    174:177:public void notifyDataSetChanged()
com.akshay.gbuattendance.Utils.SubjectDatabase:
    public static final int Database_Version
    public static final java.lang.String Subject_Name_Databse
    public static final java.lang.String Subjects_Table
    public static final java.lang.String Subject_Id
    public static final java.lang.String Subject_List
com.akshay.gbuattendance.Utils.TimeTableDatabase:
    public static final int Database_Version
    public static final java.lang.String TimeTable_Database_Name
    public static final java.lang.String Subject_Id
    public static final java.lang.String Subjects_Selected
    public static final java.lang.String Day_Code
    public static final java.lang.String TimeTable_Table
    public static final java.lang.String POSITION
...
com.google.android.gms.common.internal.DowngradeableSafeParcel
com.google.android.gms.common.internal.safeparcel.zzb:
    public static java.lang.Boolean zzd(android.os.Parcel,int)
    public static byte zze(android.os.Parcel,int)
    public static short zzf(android.os.Parcel,int)
    public static java.lang.Integer zzh(android.os.Parcel,int)
    public static java.math.BigInteger zzk(android.os.Parcel,int)
    public static float zzl(android.os.Parcel,int)
    public static double zzn(android.os.Parcel,int)
    public static java.math.BigDecimal zzp(android.os.Parcel,int)
    public static byte[] zzt(android.os.Parcel,int)
    public static byte[][] zzu(android.os.Parcel,int)
    public static boolean[] zzv(android.os.Parcel,int)
    public static int[] zzw(android.os.Parcel,int)
    public static long[] zzx(android.os.Parcel,int)
    public static float[] zzy(android.os.Parcel,int)
    public static java.math.BigDecimal[] zzz(android.os.Parcel,int)
    public static java.lang.String[] zzaa(android.os.Parcel,int)
    public static java.util.ArrayList zzab(android.os.Parcel,int)
    public static java.util.ArrayList zzac(android.os.Parcel,int)
    public static java.util.ArrayList zzc(android.os.Parcel,int,android.os.Parcelable$Creator)
    public static android.os.Parcel zzad(android.os.Parcel,int)
    public static android.os.Parcel[] zzae(android.os.Parcel,int)
    public static void zza(android.os.Parcel,int,java.util.List,java.lang.ClassLoader)
com.google.android.gms.common.internal.safeparcel.zzd:
    public static void zza(android.os.Parcel,int,java.lang.Boolean,boolean)
    public static void zza(android.os.Parcel,int,byte)
    public static void zza(android.os.Parcel,int,short)
    public static void zza(android.os.Parcel,int,java.lang.Integer,boolean)
    public static void zza(android.os.Parcel,int,float)
    public static void zza(android.os.Parcel,int,double)
    public static void zza(android.os.Parcel,int,byte[],boolean)
    public static void zza(android.os.Parcel,int,byte[][],boolean)
    public static void zza(android.os.Parcel,int,boolean[],boolean)
    public static void zza(android.os.Parcel,int,int[],boolean)
    public static void zza(android.os.Parcel,int,long[],boolean)
    public static void zza(android.os.Parcel,int,float[],boolean)
    public static void zza(android.os.Parcel,int,java.lang.String[],boolean)
    public static void zza(android.os.Parcel,int,java.util.List,boolean)
    public static void zzb(android.os.Parcel,int,java.util.List,boolean)
    public static void zzc(android.os.Parcel,int,java.util.List,boolean)
    public static void zza(android.os.Parcel,int,android.os.Parcel,boolean)
    public static void zzd(android.os.Parcel,int,java.util.List,boolean)
com.google.android.gms.common.internal.safeparcel.zze
com.google.android.gms.common.internal.zzaf:
    public final boolean zza(android.content.ComponentName,android.content.ServiceConnection,java.lang.String)
    public final void zzb(android.content.ComponentName,android.content.ServiceConnection,java.lang.String)
com.google.android.gms.common.internal.zzag:
    public zzag(android.content.ComponentName,int)
com.google.android.gms.common.internal.zzaj
com.google.android.gms.common.internal.zzak
com.google.android.gms.common.internal.zzap
com.google.android.gms.common.internal.zzaq
com.google.android.gms.common.internal.zzar
com.google.android.gms.common.internal.zzbp:
    public static long zza(long,java.lang.Object)
    public static varargs void zza(boolean,java.lang.String,java.lang.Object[])
    public static varargs void zzb(boolean,java.lang.String,java.lang.Object[])
    public static void zza(android.os.Handler)
com.google.android.gms.common.internal.zzc
com.google.android.gms.common.internal.zzca